{"C:\\Users\\LapTop\\Desktop\\VEGETABLES — копия — копия\\src\\main.tsx": {"path":"C:\\Users\\LapTop\\Desktop\\VEGETABLES — копия — копия\\src\\main.tsx","all":true,"statementMap":{"0":{"start":{"line":1,"column":0},"end":{"line":1,"column":34}},"1":{"start":{"line":2,"column":0},"end":{"line":2,"column":45}},"2":{"start":{"line":3,"column":0},"end":{"line":3,"column":20}},"3":{"start":{"line":4,"column":0},"end":{"line":4,"column":27}},"4":{"start":{"line":5,"column":0},"end":{"line":5,"column":0}},"5":{"start":{"line":6,"column":0},"end":{"line":6,"column":52}},"6":{"start":{"line":7,"column":0},"end":{"line":7,"column":14}},"7":{"start":{"line":8,"column":0},"end":{"line":8,"column":11}},"8":{"start":{"line":9,"column":0},"end":{"line":9,"column":16}},"9":{"start":{"line":10,"column":0},"end":{"line":10,"column":1}}},"s":{"0":0,"1":0,"2":0,"3":0,"4":0,"5":0,"6":0,"7":0,"8":0,"9":0},"branchMap":{"0":{"type":"branch","line":1,"loc":{"start":{"line":1,"column":0},"end":{"line":10,"column":1}},"locations":[{"start":{"line":1,"column":0},"end":{"line":10,"column":1}}]}},"b":{"0":[0]},"fnMap":{"0":{"name":"(empty-report)","decl":{"start":{"line":1,"column":0},"end":{"line":10,"column":1}},"loc":{"start":{"line":1,"column":0},"end":{"line":10,"column":1}},"line":1}},"f":{"0":0}}
,"C:\\Users\\LapTop\\Desktop\\VEGETABLES — копия — копия\\src\\app\\App.tsx": {"path":"C:\\Users\\LapTop\\Desktop\\VEGETABLES — копия — копия\\src\\app\\App.tsx","all":false,"statementMap":{"0":{"start":{"line":1,"column":0},"end":{"line":1,"column":33}},"1":{"start":{"line":2,"column":0},"end":{"line":2,"column":27}},"2":{"start":{"line":3,"column":0},"end":{"line":3,"column":57}},"3":{"start":{"line":4,"column":0},"end":{"line":4,"column":73}},"4":{"start":{"line":5,"column":0},"end":{"line":5,"column":54}},"9":{"start":{"line":10,"column":0},"end":{"line":10,"column":16}},"10":{"start":{"line":11,"column":0},"end":{"line":11,"column":61}},"12":{"start":{"line":13,"column":0},"end":{"line":13,"column":61}},"13":{"start":{"line":14,"column":0},"end":{"line":14,"column":26}},"14":{"start":{"line":15,"column":0},"end":{"line":15,"column":69}},"15":{"start":{"line":16,"column":0},"end":{"line":16,"column":25}},"16":{"start":{"line":17,"column":0},"end":{"line":17,"column":26}},"17":{"start":{"line":18,"column":0},"end":{"line":18,"column":34}},"18":{"start":{"line":19,"column":0},"end":{"line":19,"column":63}},"19":{"start":{"line":20,"column":0},"end":{"line":20,"column":20}},"20":{"start":{"line":21,"column":0},"end":{"line":21,"column":11}},"21":{"start":{"line":22,"column":0},"end":{"line":22,"column":46}},"22":{"start":{"line":23,"column":0},"end":{"line":23,"column":7}},"23":{"start":{"line":24,"column":0},"end":{"line":24,"column":4}},"25":{"start":{"line":26,"column":0},"end":{"line":26,"column":60}},"26":{"start":{"line":27,"column":0},"end":{"line":27,"column":24}},"27":{"start":{"line":28,"column":0},"end":{"line":28,"column":19}},"28":{"start":{"line":29,"column":0},"end":{"line":29,"column":45}},"29":{"start":{"line":30,"column":0},"end":{"line":30,"column":26}},"30":{"start":{"line":31,"column":0},"end":{"line":31,"column":57}},"31":{"start":{"line":32,"column":0},"end":{"line":32,"column":11}},"32":{"start":{"line":33,"column":0},"end":{"line":33,"column":6}},"33":{"start":{"line":34,"column":0},"end":{"line":34,"column":4}},"35":{"start":{"line":36,"column":0},"end":{"line":36,"column":76}},"36":{"start":{"line":37,"column":0},"end":{"line":37,"column":89}},"38":{"start":{"line":39,"column":0},"end":{"line":39,"column":10}},"39":{"start":{"line":40,"column":0},"end":{"line":40,"column":6}},"40":{"start":{"line":41,"column":0},"end":{"line":41,"column":13}},"41":{"start":{"line":42,"column":0},"end":{"line":42,"column":29}},"42":{"start":{"line":43,"column":0},"end":{"line":43,"column":29}},"43":{"start":{"line":44,"column":0},"end":{"line":44,"column":41}},"44":{"start":{"line":45,"column":0},"end":{"line":45,"column":25}},"45":{"start":{"line":46,"column":0},"end":{"line":46,"column":8}},"46":{"start":{"line":47,"column":0},"end":{"line":47,"column":15}},"47":{"start":{"line":48,"column":0},"end":{"line":48,"column":46}},"48":{"start":{"line":49,"column":0},"end":{"line":49,"column":5}},"50":{"start":{"line":51,"column":0},"end":{"line":51,"column":1}},"52":{"start":{"line":53,"column":0},"end":{"line":53,"column":19}}},"s":{"0":1,"1":1,"2":1,"3":1,"4":1,"9":3,"10":3,"12":3,"13":1,"14":1,"15":1,"16":0,"17":0,"18":0,"19":0,"20":0,"21":1,"22":1,"23":1,"25":3,"26":0,"27":0,"28":0,"29":0,"30":0,"31":0,"32":0,"33":0,"35":3,"36":3,"38":3,"39":3,"40":3,"41":3,"42":3,"43":3,"44":3,"45":3,"46":3,"47":3,"48":3,"50":3,"52":1},"branchMap":{"0":{"type":"branch","line":10,"loc":{"start":{"line":10,"column":0},"end":{"line":51,"column":1}},"locations":[{"start":{"line":10,"column":0},"end":{"line":51,"column":1}}]},"1":{"type":"branch","line":13,"loc":{"start":{"line":13,"column":20},"end":{"line":24,"column":4}},"locations":[{"start":{"line":13,"column":20},"end":{"line":24,"column":4}}]},"2":{"type":"branch","line":14,"loc":{"start":{"line":14,"column":17},"end":{"line":23,"column":5}},"locations":[{"start":{"line":14,"column":17},"end":{"line":23,"column":5}}]},"3":{"type":"branch","line":16,"loc":{"start":{"line":16,"column":13},"end":{"line":21,"column":11}},"locations":[{"start":{"line":16,"column":13},"end":{"line":21,"column":11}}]},"4":{"type":"branch","line":36,"loc":{"start":{"line":36,"column":37},"end":{"line":36,"column":73}},"locations":[{"start":{"line":36,"column":37},"end":{"line":36,"column":73}}]},"5":{"type":"branch","line":37,"loc":{"start":{"line":37,"column":37},"end":{"line":37,"column":86}},"locations":[{"start":{"line":37,"column":37},"end":{"line":37,"column":86}}]}},"b":{"0":[3],"1":[1],"2":[1],"3":[0],"4":[1],"5":[1]},"fnMap":{"0":{"name":"App","decl":{"start":{"line":10,"column":0},"end":{"line":51,"column":1}},"loc":{"start":{"line":10,"column":0},"end":{"line":51,"column":1}},"line":10},"1":{"name":"addToCart","decl":{"start":{"line":13,"column":20},"end":{"line":24,"column":4}},"loc":{"start":{"line":13,"column":20},"end":{"line":24,"column":4}},"line":13},"2":{"name":"updateQuantity","decl":{"start":{"line":26,"column":25},"end":{"line":34,"column":4}},"loc":{"start":{"line":26,"column":25},"end":{"line":34,"column":4}},"line":26}},"f":{"0":3,"1":1,"2":0}}
,"C:\\Users\\LapTop\\Desktop\\VEGETABLES — копия — копия\\src\\features\\components\\AddButton\\AddButton.tsx": {"path":"C:\\Users\\LapTop\\Desktop\\VEGETABLES — копия — копия\\src\\features\\components\\AddButton\\AddButton.tsx","all":false,"statementMap":{"0":{"start":{"line":1,"column":0},"end":{"line":1,"column":44}},"8":{"start":{"line":9,"column":0},"end":{"line":9,"column":70}},"11":{"start":{"line":12,"column":0},"end":{"line":12,"column":10}},"12":{"start":{"line":13,"column":0},"end":{"line":13,"column":12}},"13":{"start":{"line":14,"column":0},"end":{"line":14,"column":34}},"14":{"start":{"line":15,"column":0},"end":{"line":15,"column":23}},"15":{"start":{"line":16,"column":0},"end":{"line":16,"column":25}},"16":{"start":{"line":17,"column":0},"end":{"line":17,"column":39}},"19":{"start":{"line":20,"column":0},"end":{"line":20,"column":13}},"21":{"start":{"line":22,"column":0},"end":{"line":22,"column":1}},"23":{"start":{"line":24,"column":0},"end":{"line":24,"column":24}}},"s":{"0":1,"8":1,"11":16,"12":16,"13":16,"14":16,"15":16,"16":16,"19":16,"21":16,"23":1},"branchMap":{"0":{"type":"branch","line":9,"loc":{"start":{"line":9,"column":18},"end":{"line":22,"column":1}},"locations":[{"start":{"line":9,"column":18},"end":{"line":22,"column":1}}]}},"b":{"0":[16]},"fnMap":{"0":{"name":"AddButton","decl":{"start":{"line":9,"column":18},"end":{"line":22,"column":1}},"loc":{"start":{"line":9,"column":18},"end":{"line":22,"column":1}},"line":9}},"f":{"0":16}}
,"C:\\Users\\LapTop\\Desktop\\VEGETABLES — копия — копия\\src\\features\\components\\AddButton\\index.ts": {"path":"C:\\Users\\LapTop\\Desktop\\VEGETABLES — копия — копия\\src\\features\\components\\AddButton\\index.ts","all":false,"statementMap":{"0":{"start":{"line":1,"column":0},"end":{"line":1,"column":50}}},"s":{"0":1},"branchMap":{},"b":{},"fnMap":{},"f":{}}
,"C:\\Users\\LapTop\\Desktop\\VEGETABLES — копия — копия\\src\\features\\components\\Count\\Count.tsx": {"path":"C:\\Users\\LapTop\\Desktop\\VEGETABLES — копия — копия\\src\\features\\components\\Count\\Count.tsx","all":false,"statementMap":{"0":{"start":{"line":1,"column":0},"end":{"line":1,"column":40}},"9":{"start":{"line":10,"column":0},"end":{"line":10,"column":76}},"10":{"start":{"line":11,"column":0},"end":{"line":11,"column":32}},"11":{"start":{"line":12,"column":0},"end":{"line":12,"column":20}},"12":{"start":{"line":13,"column":0},"end":{"line":13,"column":19}},"13":{"start":{"line":14,"column":0},"end":{"line":14,"column":26}},"14":{"start":{"line":15,"column":0},"end":{"line":15,"column":17}},"15":{"start":{"line":16,"column":0},"end":{"line":16,"column":12}},"16":{"start":{"line":17,"column":0},"end":{"line":17,"column":20}},"17":{"start":{"line":18,"column":0},"end":{"line":18,"column":5}},"18":{"start":{"line":19,"column":0},"end":{"line":19,"column":4}},"20":{"start":{"line":21,"column":0},"end":{"line":21,"column":10}},"21":{"start":{"line":22,"column":0},"end":{"line":22,"column":33}},"22":{"start":{"line":23,"column":0},"end":{"line":23,"column":14}},"23":{"start":{"line":24,"column":0},"end":{"line":24,"column":33}},"24":{"start":{"line":25,"column":0},"end":{"line":25,"column":32}},"25":{"start":{"line":26,"column":0},"end":{"line":26,"column":17}},"27":{"start":{"line":28,"column":0},"end":{"line":28,"column":53}},"29":{"start":{"line":30,"column":0},"end":{"line":30,"column":14}},"30":{"start":{"line":31,"column":0},"end":{"line":31,"column":34}},"31":{"start":{"line":32,"column":0},"end":{"line":32,"column":28}},"32":{"start":{"line":33,"column":0},"end":{"line":33,"column":17}},"33":{"start":{"line":34,"column":0},"end":{"line":34,"column":10}},"35":{"start":{"line":36,"column":0},"end":{"line":36,"column":1}},"37":{"start":{"line":38,"column":0},"end":{"line":38,"column":21}}},"s":{"0":1,"9":1,"10":19,"11":5,"12":2,"13":4,"14":1,"15":2,"16":2,"17":2,"18":5,"20":19,"21":19,"22":19,"23":19,"24":19,"25":19,"27":19,"29":19,"30":19,"31":19,"32":19,"33":19,"35":19,"37":1},"branchMap":{"0":{"type":"branch","line":10,"loc":{"start":{"line":10,"column":14},"end":{"line":36,"column":1}},"locations":[{"start":{"line":10,"column":14},"end":{"line":36,"column":1}}]},"1":{"type":"branch","line":11,"loc":{"start":{"line":11,"column":25},"end":{"line":19,"column":4}},"locations":[{"start":{"line":11,"column":25},"end":{"line":19,"column":4}}]},"2":{"type":"branch","line":12,"loc":{"start":{"line":12,"column":19},"end":{"line":18,"column":5}},"locations":[{"start":{"line":12,"column":19},"end":{"line":18,"column":5}}]},"3":{"type":"branch","line":12,"loc":{"start":{"line":12,"column":19},"end":{"line":14,"column":15}},"locations":[{"start":{"line":12,"column":19},"end":{"line":14,"column":15}}]},"4":{"type":"branch","line":14,"loc":{"start":{"line":14,"column":4},"end":{"line":18,"column":5}},"locations":[{"start":{"line":14,"column":4},"end":{"line":18,"column":5}}]},"5":{"type":"branch","line":14,"loc":{"start":{"line":14,"column":25},"end":{"line":18,"column":5}},"locations":[{"start":{"line":14,"column":25},"end":{"line":18,"column":5}}]},"6":{"type":"branch","line":14,"loc":{"start":{"line":14,"column":25},"end":{"line":16,"column":11}},"locations":[{"start":{"line":14,"column":25},"end":{"line":16,"column":11}}]}},"b":{"0":[19],"1":[5],"2":[4],"3":[2],"4":[3],"5":[2],"6":[1]},"fnMap":{"0":{"name":"Count","decl":{"start":{"line":10,"column":14},"end":{"line":36,"column":1}},"loc":{"start":{"line":10,"column":14},"end":{"line":36,"column":1}},"line":10},"1":{"name":"handleDecrease","decl":{"start":{"line":11,"column":25},"end":{"line":19,"column":4}},"loc":{"start":{"line":11,"column":25},"end":{"line":19,"column":4}},"line":11}},"f":{"0":19,"1":5}}
,"C:\\Users\\LapTop\\Desktop\\VEGETABLES — копия — копия\\src\\features\\components\\Count\\index.ts": {"path":"C:\\Users\\LapTop\\Desktop\\VEGETABLES — копия — копия\\src\\features\\components\\Count\\index.ts","all":true,"statementMap":{"0":{"start":{"line":1,"column":0},"end":{"line":1,"column":41}}},"s":{"0":0},"branchMap":{"0":{"type":"branch","line":1,"loc":{"start":{"line":1,"column":0},"end":{"line":1,"column":41}},"locations":[{"start":{"line":1,"column":0},"end":{"line":1,"column":41}}]}},"b":{"0":[0]},"fnMap":{"0":{"name":"(empty-report)","decl":{"start":{"line":1,"column":0},"end":{"line":1,"column":41}},"loc":{"start":{"line":1,"column":0},"end":{"line":1,"column":41}},"line":1}},"f":{"0":0}}
,"C:\\Users\\LapTop\\Desktop\\VEGETABLES — копия — копия\\src\\features\\components\\Header\\Header.tsx": {"path":"C:\\Users\\LapTop\\Desktop\\VEGETABLES — копия — копия\\src\\features\\components\\Header\\Header.tsx","all":false,"statementMap":{"0":{"start":{"line":1,"column":0},"end":{"line":1,"column":32}},"1":{"start":{"line":2,"column":0},"end":{"line":2,"column":50}},"2":{"start":{"line":3,"column":0},"end":{"line":3,"column":42}},"12":{"start":{"line":13,"column":0},"end":{"line":13,"column":84}},"13":{"start":{"line":14,"column":0},"end":{"line":14,"column":10}},"14":{"start":{"line":15,"column":0},"end":{"line":15,"column":38}},"15":{"start":{"line":16,"column":0},"end":{"line":16,"column":14}},"16":{"start":{"line":17,"column":0},"end":{"line":17,"column":17}},"17":{"start":{"line":18,"column":0},"end":{"line":18,"column":28}},"18":{"start":{"line":19,"column":0},"end":{"line":19,"column":29}},"19":{"start":{"line":20,"column":0},"end":{"line":20,"column":43}},"20":{"start":{"line":21,"column":0},"end":{"line":21,"column":21}},"21":{"start":{"line":22,"column":0},"end":{"line":22,"column":8}},"22":{"start":{"line":23,"column":0},"end":{"line":23,"column":13}},"24":{"start":{"line":25,"column":0},"end":{"line":25,"column":2}},"26":{"start":{"line":27,"column":0},"end":{"line":27,"column":22}}},"s":{"0":1,"1":1,"2":1,"12":1,"13":4,"14":4,"15":4,"16":4,"17":4,"18":4,"19":4,"20":4,"21":4,"22":4,"24":4,"26":1},"branchMap":{"0":{"type":"branch","line":13,"loc":{"start":{"line":13,"column":15},"end":{"line":25,"column":2}},"locations":[{"start":{"line":13,"column":15},"end":{"line":25,"column":2}}]}},"b":{"0":[4]},"fnMap":{"0":{"name":"Header","decl":{"start":{"line":13,"column":15},"end":{"line":25,"column":2}},"loc":{"start":{"line":13,"column":15},"end":{"line":25,"column":2}},"line":13}},"f":{"0":4}}
,"C:\\Users\\LapTop\\Desktop\\VEGETABLES — копия — копия\\src\\features\\components\\Header\\index.ts": {"path":"C:\\Users\\LapTop\\Desktop\\VEGETABLES — копия — копия\\src\\features\\components\\Header\\index.ts","all":true,"statementMap":{"0":{"start":{"line":1,"column":0},"end":{"line":1,"column":45}}},"s":{"0":0},"branchMap":{"0":{"type":"branch","line":1,"loc":{"start":{"line":1,"column":0},"end":{"line":1,"column":45}},"locations":[{"start":{"line":1,"column":0},"end":{"line":1,"column":45}}]}},"b":{"0":[0]},"fnMap":{"0":{"name":"(empty-report)","decl":{"start":{"line":1,"column":0},"end":{"line":1,"column":45}},"loc":{"start":{"line":1,"column":0},"end":{"line":1,"column":45}},"line":1}},"f":{"0":0}}
,"C:\\Users\\LapTop\\Desktop\\VEGETABLES — копия — копия\\src\\features\\components\\Logo\\Logo.tsx": {"path":"C:\\Users\\LapTop\\Desktop\\VEGETABLES — копия — копия\\src\\features\\components\\Logo\\Logo.tsx","all":false,"statementMap":{"0":{"start":{"line":1,"column":0},"end":{"line":1,"column":39}},"2":{"start":{"line":3,"column":0},"end":{"line":3,"column":20}},"3":{"start":{"line":4,"column":0},"end":{"line":4,"column":12}},"4":{"start":{"line":5,"column":0},"end":{"line":5,"column":30}},"5":{"start":{"line":6,"column":0},"end":{"line":6,"column":50}},"6":{"start":{"line":7,"column":0},"end":{"line":7,"column":32}},"7":{"start":{"line":8,"column":0},"end":{"line":8,"column":23}},"8":{"start":{"line":9,"column":0},"end":{"line":9,"column":23}},"9":{"start":{"line":10,"column":0},"end":{"line":10,"column":19}},"11":{"start":{"line":12,"column":0},"end":{"line":12,"column":1}},"14":{"start":{"line":15,"column":0},"end":{"line":15,"column":19}}},"s":{"0":1,"2":1,"3":5,"4":5,"5":5,"6":5,"7":5,"8":5,"9":5,"11":5,"14":1},"branchMap":{"0":{"type":"branch","line":3,"loc":{"start":{"line":3,"column":13},"end":{"line":12,"column":1}},"locations":[{"start":{"line":3,"column":13},"end":{"line":12,"column":1}}]}},"b":{"0":[5]},"fnMap":{"0":{"name":"Logo","decl":{"start":{"line":3,"column":13},"end":{"line":12,"column":1}},"loc":{"start":{"line":3,"column":13},"end":{"line":12,"column":1}},"line":3}},"f":{"0":5}}
,"C:\\Users\\LapTop\\Desktop\\VEGETABLES — копия — копия\\src\\features\\components\\Logo\\index.ts": {"path":"C:\\Users\\LapTop\\Desktop\\VEGETABLES — копия — копия\\src\\features\\components\\Logo\\index.ts","all":true,"statementMap":{"0":{"start":{"line":1,"column":0},"end":{"line":1,"column":41}}},"s":{"0":0},"branchMap":{"0":{"type":"branch","line":1,"loc":{"start":{"line":1,"column":0},"end":{"line":1,"column":41}},"locations":[{"start":{"line":1,"column":0},"end":{"line":1,"column":41}}]}},"b":{"0":[0]},"fnMap":{"0":{"name":"(empty-report)","decl":{"start":{"line":1,"column":0},"end":{"line":1,"column":41}},"loc":{"start":{"line":1,"column":0},"end":{"line":1,"column":41}},"line":1}},"f":{"0":0}}
,"C:\\Users\\LapTop\\Desktop\\VEGETABLES — копия — копия\\src\\features\\components\\ProductCard\\ProductCard.tsx": {"path":"C:\\Users\\LapTop\\Desktop\\VEGETABLES — копия — копия\\src\\features\\components\\ProductCard\\ProductCard.tsx","all":false,"statementMap":{"0":{"start":{"line":1,"column":0},"end":{"line":1,"column":33}},"1":{"start":{"line":2,"column":0},"end":{"line":2,"column":41}},"2":{"start":{"line":3,"column":0},"end":{"line":3,"column":35}},"3":{"start":{"line":4,"column":0},"end":{"line":4,"column":47}},"10":{"start":{"line":11,"column":0},"end":{"line":11,"column":69}},"11":{"start":{"line":12,"column":0},"end":{"line":12,"column":46}},"12":{"start":{"line":13,"column":0},"end":{"line":13,"column":58}},"14":{"start":{"line":15,"column":0},"end":{"line":15,"column":32}},"15":{"start":{"line":16,"column":0},"end":{"line":16,"column":34}},"16":{"start":{"line":17,"column":0},"end":{"line":17,"column":4}},"18":{"start":{"line":19,"column":0},"end":{"line":19,"column":32}},"19":{"start":{"line":20,"column":0},"end":{"line":20,"column":23}},"20":{"start":{"line":21,"column":0},"end":{"line":21,"column":36}},"21":{"start":{"line":22,"column":0},"end":{"line":22,"column":5}},"22":{"start":{"line":23,"column":0},"end":{"line":23,"column":4}},"24":{"start":{"line":25,"column":0},"end":{"line":25,"column":33}},"25":{"start":{"line":26,"column":0},"end":{"line":26,"column":22}},"26":{"start":{"line":27,"column":0},"end":{"line":27,"column":37}},"27":{"start":{"line":28,"column":0},"end":{"line":28,"column":21}},"28":{"start":{"line":29,"column":0},"end":{"line":29,"column":5}},"29":{"start":{"line":30,"column":0},"end":{"line":30,"column":4}},"31":{"start":{"line":32,"column":0},"end":{"line":32,"column":10}},"32":{"start":{"line":33,"column":0},"end":{"line":33,"column":33}},"33":{"start":{"line":34,"column":0},"end":{"line":34,"column":10}},"34":{"start":{"line":35,"column":0},"end":{"line":35,"column":30}},"35":{"start":{"line":36,"column":0},"end":{"line":36,"column":27}},"36":{"start":{"line":37,"column":0},"end":{"line":37,"column":25}},"37":{"start":{"line":38,"column":0},"end":{"line":38,"column":25}},"38":{"start":{"line":39,"column":0},"end":{"line":39,"column":64}},"39":{"start":{"line":40,"column":0},"end":{"line":40,"column":10}},"40":{"start":{"line":41,"column":0},"end":{"line":41,"column":8}},"42":{"start":{"line":43,"column":0},"end":{"line":43,"column":35}},"43":{"start":{"line":44,"column":0},"end":{"line":44,"column":45}},"44":{"start":{"line":45,"column":0},"end":{"line":45,"column":23}},"45":{"start":{"line":46,"column":0},"end":{"line":46,"column":84}},"46":{"start":{"line":47,"column":0},"end":{"line":47,"column":15}},"47":{"start":{"line":48,"column":0},"end":{"line":48,"column":15}},"48":{"start":{"line":49,"column":0},"end":{"line":49,"column":26}},"49":{"start":{"line":50,"column":0},"end":{"line":50,"column":37}},"50":{"start":{"line":51,"column":0},"end":{"line":51,"column":37}},"51":{"start":{"line":52,"column":0},"end":{"line":52,"column":10}},"52":{"start":{"line":53,"column":0},"end":{"line":53,"column":12}},"54":{"start":{"line":55,"column":0},"end":{"line":55,"column":36}},"55":{"start":{"line":56,"column":0},"end":{"line":56,"column":37}},"56":{"start":{"line":57,"column":0},"end":{"line":57,"column":19}},"57":{"start":{"line":58,"column":0},"end":{"line":58,"column":35}},"58":{"start":{"line":59,"column":0},"end":{"line":59,"column":29}},"59":{"start":{"line":60,"column":0},"end":{"line":60,"column":10}},"60":{"start":{"line":61,"column":0},"end":{"line":61,"column":12}},"61":{"start":{"line":62,"column":0},"end":{"line":62,"column":10}},"63":{"start":{"line":64,"column":0},"end":{"line":64,"column":2}},"65":{"start":{"line":66,"column":0},"end":{"line":66,"column":27}}},"s":{"0":1,"1":1,"2":1,"3":1,"10":1,"11":14,"12":14,"14":14,"15":2,"16":2,"18":14,"19":2,"20":1,"21":1,"22":2,"24":14,"25":2,"26":2,"27":2,"28":2,"29":2,"31":14,"32":14,"33":14,"34":14,"35":14,"36":14,"37":14,"38":0,"39":0,"40":14,"42":14,"43":14,"44":14,"45":14,"46":14,"47":14,"48":14,"49":14,"50":14,"51":14,"52":14,"54":14,"55":14,"56":14,"57":14,"58":14,"59":14,"60":14,"61":14,"63":14,"65":1},"branchMap":{"0":{"type":"branch","line":11,"loc":{"start":{"line":11,"column":20},"end":{"line":64,"column":2}},"locations":[{"start":{"line":11,"column":20},"end":{"line":64,"column":2}}]},"1":{"type":"branch","line":46,"loc":{"start":{"line":46,"column":11},"end":{"line":46,"column":84}},"locations":[{"start":{"line":46,"column":11},"end":{"line":46,"column":84}}]},"2":{"type":"branch","line":15,"loc":{"start":{"line":15,"column":25},"end":{"line":17,"column":4}},"locations":[{"start":{"line":15,"column":25},"end":{"line":17,"column":4}}]},"3":{"type":"branch","line":16,"loc":{"start":{"line":16,"column":16},"end":{"line":16,"column":32}},"locations":[{"start":{"line":16,"column":16},"end":{"line":16,"column":32}}]},"4":{"type":"branch","line":19,"loc":{"start":{"line":19,"column":25},"end":{"line":23,"column":4}},"locations":[{"start":{"line":19,"column":25},"end":{"line":23,"column":4}}]},"5":{"type":"branch","line":20,"loc":{"start":{"line":20,"column":22},"end":{"line":22,"column":5}},"locations":[{"start":{"line":20,"column":22},"end":{"line":22,"column":5}}]},"6":{"type":"branch","line":21,"loc":{"start":{"line":21,"column":18},"end":{"line":21,"column":34}},"locations":[{"start":{"line":21,"column":18},"end":{"line":21,"column":34}}]},"7":{"type":"branch","line":25,"loc":{"start":{"line":25,"column":26},"end":{"line":30,"column":4}},"locations":[{"start":{"line":25,"column":26},"end":{"line":30,"column":4}}]}},"b":{"0":[14],"1":[13],"2":[2],"3":[2],"4":[2],"5":[1],"6":[1],"7":[2]},"fnMap":{"0":{"name":"ProductCard","decl":{"start":{"line":11,"column":20},"end":{"line":64,"column":2}},"loc":{"start":{"line":11,"column":20},"end":{"line":64,"column":2}},"line":11},"1":{"name":"handleIncrease","decl":{"start":{"line":15,"column":25},"end":{"line":17,"column":4}},"loc":{"start":{"line":15,"column":25},"end":{"line":17,"column":4}},"line":15},"2":{"name":"handleDecrease","decl":{"start":{"line":19,"column":25},"end":{"line":23,"column":4}},"loc":{"start":{"line":19,"column":25},"end":{"line":23,"column":4}},"line":19},"3":{"name":"handleAddToCart","decl":{"start":{"line":25,"column":26},"end":{"line":30,"column":4}},"loc":{"start":{"line":25,"column":26},"end":{"line":30,"column":4}},"line":25},"4":{"name":"onError","decl":{"start":{"line":38,"column":17},"end":{"line":40,"column":10}},"loc":{"start":{"line":38,"column":17},"end":{"line":40,"column":10}},"line":38}},"f":{"0":14,"1":2,"2":2,"3":2,"4":0}}
,"C:\\Users\\LapTop\\Desktop\\VEGETABLES — копия — копия\\src\\features\\components\\ProductCard\\index.ts": {"path":"C:\\Users\\LapTop\\Desktop\\VEGETABLES — копия — копия\\src\\features\\components\\ProductCard\\index.ts","all":true,"statementMap":{"0":{"start":{"line":1,"column":0},"end":{"line":1,"column":52}}},"s":{"0":0},"branchMap":{"0":{"type":"branch","line":1,"loc":{"start":{"line":1,"column":0},"end":{"line":1,"column":52}},"locations":[{"start":{"line":1,"column":0},"end":{"line":1,"column":52}}]}},"b":{"0":[0]},"fnMap":{"0":{"name":"(empty-report)","decl":{"start":{"line":1,"column":0},"end":{"line":1,"column":52}},"loc":{"start":{"line":1,"column":0},"end":{"line":1,"column":52}},"line":1}},"f":{"0":0}}
,"C:\\Users\\LapTop\\Desktop\\VEGETABLES — копия — копия\\src\\features\\components\\ProductList\\ProductList.tsx": {"path":"C:\\Users\\LapTop\\Desktop\\VEGETABLES — копия — копия\\src\\features\\components\\ProductList\\ProductList.tsx","all":false,"statementMap":{"0":{"start":{"line":1,"column":0},"end":{"line":1,"column":44}},"1":{"start":{"line":2,"column":0},"end":{"line":2,"column":46}},"2":{"start":{"line":3,"column":0},"end":{"line":3,"column":68}},"3":{"start":{"line":4,"column":0},"end":{"line":4,"column":53}},"9":{"start":{"line":10,"column":0},"end":{"line":10,"column":62}},"10":{"start":{"line":11,"column":0},"end":{"line":11,"column":58}},"11":{"start":{"line":12,"column":0},"end":{"line":12,"column":47}},"12":{"start":{"line":13,"column":0},"end":{"line":13,"column":58}},"14":{"start":{"line":15,"column":0},"end":{"line":15,"column":19}},"15":{"start":{"line":16,"column":0},"end":{"line":16,"column":38}},"16":{"start":{"line":17,"column":0},"end":{"line":17,"column":11}},"17":{"start":{"line":18,"column":0},"end":{"line":18,"column":42}},"18":{"start":{"line":19,"column":0},"end":{"line":19,"column":26}},"19":{"start":{"line":20,"column":0},"end":{"line":20,"column":23}},"20":{"start":{"line":21,"column":0},"end":{"line":21,"column":89}},"21":{"start":{"line":22,"column":0},"end":{"line":22,"column":17}},"22":{"start":{"line":23,"column":0},"end":{"line":23,"column":26}},"23":{"start":{"line":24,"column":0},"end":{"line":24,"column":7}},"24":{"start":{"line":25,"column":0},"end":{"line":25,"column":6}},"26":{"start":{"line":27,"column":0},"end":{"line":27,"column":19}},"27":{"start":{"line":28,"column":0},"end":{"line":28,"column":9}},"29":{"start":{"line":30,"column":0},"end":{"line":30,"column":72}},"30":{"start":{"line":31,"column":0},"end":{"line":31,"column":72}},"32":{"start":{"line":33,"column":0},"end":{"line":33,"column":10}},"33":{"start":{"line":34,"column":0},"end":{"line":34,"column":39}},"34":{"start":{"line":35,"column":0},"end":{"line":35,"column":32}},"35":{"start":{"line":36,"column":0},"end":{"line":36,"column":19}},"36":{"start":{"line":37,"column":0},"end":{"line":37,"column":25}},"37":{"start":{"line":38,"column":0},"end":{"line":38,"column":25}},"38":{"start":{"line":39,"column":0},"end":{"line":39,"column":34}},"39":{"start":{"line":40,"column":0},"end":{"line":40,"column":8}},"40":{"start":{"line":41,"column":0},"end":{"line":41,"column":7}},"41":{"start":{"line":42,"column":0},"end":{"line":42,"column":8}},"43":{"start":{"line":44,"column":0},"end":{"line":44,"column":2}},"45":{"start":{"line":46,"column":0},"end":{"line":46,"column":28}}},"s":{"0":1,"1":1,"2":1,"3":1,"9":1,"10":7,"11":7,"12":7,"14":7,"15":3,"16":3,"17":3,"18":2,"19":2,"20":1,"21":3,"22":3,"23":3,"24":3,"26":3,"27":7,"29":7,"30":7,"32":3,"33":3,"34":3,"35":6,"36":6,"37":6,"38":6,"39":6,"40":3,"41":3,"43":3,"45":1},"branchMap":{"0":{"type":"branch","line":10,"loc":{"start":{"line":10,"column":21},"end":{"line":44,"column":2}},"locations":[{"start":{"line":10,"column":21},"end":{"line":44,"column":2}}]},"1":{"type":"branch","line":30,"loc":{"start":{"line":30,"column":15},"end":{"line":31,"column":20}},"locations":[{"start":{"line":30,"column":15},"end":{"line":31,"column":20}}]},"2":{"type":"branch","line":30,"loc":{"start":{"line":30,"column":15},"end":{"line":30,"column":72}},"locations":[{"start":{"line":30,"column":15},"end":{"line":30,"column":72}}]},"3":{"type":"branch","line":30,"loc":{"start":{"line":30,"column":65},"end":{"line":31,"column":20}},"locations":[{"start":{"line":30,"column":65},"end":{"line":31,"column":20}}]},"4":{"type":"branch","line":31,"loc":{"start":{"line":31,"column":13},"end":{"line":44,"column":2}},"locations":[{"start":{"line":31,"column":13},"end":{"line":44,"column":2}}]},"5":{"type":"branch","line":31,"loc":{"start":{"line":31,"column":13},"end":{"line":31,"column":72}},"locations":[{"start":{"line":31,"column":13},"end":{"line":31,"column":72}}]},"6":{"type":"branch","line":31,"loc":{"start":{"line":31,"column":65},"end":{"line":44,"column":2}},"locations":[{"start":{"line":31,"column":65},"end":{"line":44,"column":2}}]},"7":{"type":"branch","line":15,"loc":{"start":{"line":15,"column":12},"end":{"line":28,"column":5}},"locations":[{"start":{"line":15,"column":12},"end":{"line":28,"column":5}}]},"8":{"type":"branch","line":16,"loc":{"start":{"line":16,"column":25},"end":{"line":25,"column":6}},"locations":[{"start":{"line":16,"column":25},"end":{"line":25,"column":6}}]},"9":{"type":"branch","line":18,"loc":{"start":{"line":18,"column":40},"end":{"line":22,"column":8}},"locations":[{"start":{"line":18,"column":40},"end":{"line":22,"column":8}}]},"10":{"type":"branch","line":20,"loc":{"start":{"line":20,"column":6},"end":{"line":22,"column":8}},"locations":[{"start":{"line":20,"column":6},"end":{"line":22,"column":8}}]},"11":{"type":"branch","line":21,"loc":{"start":{"line":21,"column":48},"end":{"line":21,"column":87}},"locations":[{"start":{"line":21,"column":48},"end":{"line":21,"column":87}}]},"12":{"type":"branch","line":35,"loc":{"start":{"line":35,"column":18},"end":{"line":40,"column":8}},"locations":[{"start":{"line":35,"column":18},"end":{"line":40,"column":8}}]}},"b":{"0":[7],"1":[5],"2":[3],"3":[4],"4":[4],"5":[1],"6":[3],"7":[3],"8":[3],"9":[2],"10":[1],"11":[0],"12":[6]},"fnMap":{"0":{"name":"ProductsList","decl":{"start":{"line":10,"column":21},"end":{"line":44,"column":2}},"loc":{"start":{"line":10,"column":21},"end":{"line":44,"column":2}},"line":10},"1":{"name":"loadProducts","decl":{"start":{"line":16,"column":25},"end":{"line":25,"column":6}},"loc":{"start":{"line":16,"column":25},"end":{"line":25,"column":6}},"line":16}},"f":{"0":7,"1":3}}
,"C:\\Users\\LapTop\\Desktop\\VEGETABLES — копия — копия\\src\\features\\components\\ProductList\\index.ts": {"path":"C:\\Users\\LapTop\\Desktop\\VEGETABLES — копия — копия\\src\\features\\components\\ProductList\\index.ts","all":true,"statementMap":{"0":{"start":{"line":1,"column":0},"end":{"line":1,"column":54}}},"s":{"0":0},"branchMap":{"0":{"type":"branch","line":1,"loc":{"start":{"line":1,"column":0},"end":{"line":1,"column":54}},"locations":[{"start":{"line":1,"column":0},"end":{"line":1,"column":54}}]}},"b":{"0":[0]},"fnMap":{"0":{"name":"(empty-report)","decl":{"start":{"line":1,"column":0},"end":{"line":1,"column":54}},"loc":{"start":{"line":1,"column":0},"end":{"line":1,"column":54}},"line":1}},"f":{"0":0}}
,"C:\\Users\\LapTop\\Desktop\\VEGETABLES — копия — копия\\src\\features\\components\\Title\\Title.tsx": {"path":"C:\\Users\\LapTop\\Desktop\\VEGETABLES — копия — копия\\src\\features\\components\\Title\\Title.tsx","all":false,"statementMap":{"0":{"start":{"line":1,"column":0},"end":{"line":1,"column":40}},"3":{"start":{"line":4,"column":0},"end":{"line":4,"column":33}},"4":{"start":{"line":5,"column":0},"end":{"line":5,"column":12}},"5":{"start":{"line":6,"column":0},"end":{"line":6,"column":11}},"6":{"start":{"line":7,"column":0},"end":{"line":7,"column":45}},"8":{"start":{"line":9,"column":0},"end":{"line":9,"column":1}}},"s":{"0":1,"3":3,"4":3,"5":3,"6":3,"8":3},"branchMap":{"0":{"type":"branch","line":4,"loc":{"start":{"line":4,"column":0},"end":{"line":9,"column":1}},"locations":[{"start":{"line":4,"column":0},"end":{"line":9,"column":1}}]}},"b":{"0":[3]},"fnMap":{"0":{"name":"Title","decl":{"start":{"line":4,"column":0},"end":{"line":9,"column":1}},"loc":{"start":{"line":4,"column":0},"end":{"line":9,"column":1}},"line":4}},"f":{"0":3}}
,"C:\\Users\\LapTop\\Desktop\\VEGETABLES — копия — копия\\src\\features\\components\\Title\\index.ts": {"path":"C:\\Users\\LapTop\\Desktop\\VEGETABLES — копия — копия\\src\\features\\components\\Title\\index.ts","all":true,"statementMap":{"0":{"start":{"line":1,"column":0},"end":{"line":1,"column":42}}},"s":{"0":0},"branchMap":{"0":{"type":"branch","line":1,"loc":{"start":{"line":1,"column":0},"end":{"line":1,"column":42}},"locations":[{"start":{"line":1,"column":0},"end":{"line":1,"column":42}}]}},"b":{"0":[0]},"fnMap":{"0":{"name":"(empty-report)","decl":{"start":{"line":1,"column":0},"end":{"line":1,"column":42}},"loc":{"start":{"line":1,"column":0},"end":{"line":1,"column":42}},"line":1}},"f":{"0":0}}
,"C:\\Users\\LapTop\\Desktop\\VEGETABLES — копия — копия\\src\\features\\components\\cartButton\\CartButton.tsx": {"path":"C:\\Users\\LapTop\\Desktop\\VEGETABLES — копия — копия\\src\\features\\components\\cartButton\\CartButton.tsx","all":false,"statementMap":{"0":{"start":{"line":1,"column":0},"end":{"line":1,"column":46}},"1":{"start":{"line":2,"column":0},"end":{"line":2,"column":33}},"2":{"start":{"line":3,"column":0},"end":{"line":3,"column":32}},"3":{"start":{"line":4,"column":0},"end":{"line":4,"column":35}},"13":{"start":{"line":14,"column":0},"end":{"line":14,"column":91}},"14":{"start":{"line":15,"column":0},"end":{"line":15,"column":56}},"16":{"start":{"line":17,"column":0},"end":{"line":17,"column":10}},"17":{"start":{"line":18,"column":0},"end":{"line":18,"column":6}},"18":{"start":{"line":19,"column":0},"end":{"line":19,"column":11}},"19":{"start":{"line":20,"column":0},"end":{"line":20,"column":16}},"20":{"start":{"line":21,"column":0},"end":{"line":21,"column":46}},"21":{"start":{"line":22,"column":0},"end":{"line":22,"column":39}},"22":{"start":{"line":23,"column":0},"end":{"line":23,"column":30}},"24":{"start":{"line":25,"column":0},"end":{"line":25,"column":91}},"25":{"start":{"line":26,"column":0},"end":{"line":26,"column":17}},"26":{"start":{"line":27,"column":0},"end":{"line":27,"column":14}},"27":{"start":{"line":28,"column":0},"end":{"line":28,"column":30}},"28":{"start":{"line":29,"column":0},"end":{"line":29,"column":56}},"29":{"start":{"line":30,"column":0},"end":{"line":30,"column":93}},"30":{"start":{"line":31,"column":0},"end":{"line":31,"column":43}},"32":{"start":{"line":33,"column":0},"end":{"line":33,"column":45}},"33":{"start":{"line":34,"column":0},"end":{"line":34,"column":39}},"34":{"start":{"line":35,"column":0},"end":{"line":35,"column":74}},"36":{"start":{"line":37,"column":0},"end":{"line":37,"column":16}},"37":{"start":{"line":38,"column":0},"end":{"line":38,"column":50}},"38":{"start":{"line":39,"column":0},"end":{"line":39,"column":42}},"39":{"start":{"line":40,"column":0},"end":{"line":40,"column":67}},"40":{"start":{"line":41,"column":0},"end":{"line":41,"column":26}},"41":{"start":{"line":42,"column":0},"end":{"line":42,"column":40}},"42":{"start":{"line":43,"column":0},"end":{"line":43,"column":39}},"43":{"start":{"line":44,"column":0},"end":{"line":44,"column":56}},"44":{"start":{"line":45,"column":0},"end":{"line":45,"column":41}},"45":{"start":{"line":46,"column":0},"end":{"line":46,"column":80}},"46":{"start":{"line":47,"column":0},"end":{"line":47,"column":26}},"47":{"start":{"line":48,"column":0},"end":{"line":48,"column":24}},"48":{"start":{"line":49,"column":0},"end":{"line":49,"column":59}},"49":{"start":{"line":50,"column":0},"end":{"line":50,"column":93}},"50":{"start":{"line":51,"column":0},"end":{"line":51,"column":140}},"51":{"start":{"line":52,"column":0},"end":{"line":52,"column":28}},"52":{"start":{"line":53,"column":0},"end":{"line":53,"column":28}},"53":{"start":{"line":54,"column":0},"end":{"line":54,"column":45}},"54":{"start":{"line":55,"column":0},"end":{"line":55,"column":87}},"55":{"start":{"line":56,"column":0},"end":{"line":56,"column":87}},"56":{"start":{"line":57,"column":0},"end":{"line":57,"column":24}},"57":{"start":{"line":58,"column":0},"end":{"line":58,"column":26}},"58":{"start":{"line":59,"column":0},"end":{"line":59,"column":21}},"59":{"start":{"line":60,"column":0},"end":{"line":60,"column":22}},"60":{"start":{"line":61,"column":0},"end":{"line":61,"column":50}},"61":{"start":{"line":62,"column":0},"end":{"line":62,"column":53}},"62":{"start":{"line":63,"column":0},"end":{"line":63,"column":22}},"63":{"start":{"line":64,"column":0},"end":{"line":64,"column":17}},"65":{"start":{"line":66,"column":0},"end":{"line":66,"column":16}},"66":{"start":{"line":67,"column":0},"end":{"line":67,"column":16}},"67":{"start":{"line":68,"column":0},"end":{"line":68,"column":12}},"68":{"start":{"line":69,"column":0},"end":{"line":69,"column":7}},"70":{"start":{"line":71,"column":0},"end":{"line":71,"column":2}},"72":{"start":{"line":73,"column":0},"end":{"line":73,"column":26}}},"s":{"0":1,"1":1,"2":1,"3":1,"13":1,"14":9,"16":9,"17":9,"18":9,"19":9,"20":9,"21":9,"22":9,"24":9,"25":9,"26":9,"27":9,"28":9,"29":9,"30":9,"32":9,"33":9,"34":5,"36":3,"37":3,"38":3,"39":3,"40":3,"41":3,"42":3,"43":3,"44":3,"45":0,"46":0,"47":3,"48":3,"49":3,"50":3,"51":3,"52":3,"53":3,"54":3,"55":3,"56":3,"57":3,"58":3,"59":3,"60":3,"61":3,"62":3,"63":3,"65":9,"66":9,"67":9,"68":9,"70":9,"72":1},"branchMap":{"0":{"type":"branch","line":14,"loc":{"start":{"line":14,"column":19},"end":{"line":71,"column":2}},"locations":[{"start":{"line":14,"column":19},"end":{"line":71,"column":2}}]},"1":{"type":"branch","line":25,"loc":{"start":{"line":25,"column":22},"end":{"line":25,"column":91}},"locations":[{"start":{"line":25,"column":22},"end":{"line":25,"column":91}}]},"2":{"type":"branch","line":30,"loc":{"start":{"line":30,"column":61},"end":{"line":30,"column":84}},"locations":[{"start":{"line":30,"column":61},"end":{"line":30,"column":84}}]},"3":{"type":"branch","line":30,"loc":{"start":{"line":30,"column":72},"end":{"line":30,"column":86}},"locations":[{"start":{"line":30,"column":72},"end":{"line":30,"column":86}}]},"4":{"type":"branch","line":34,"loc":{"start":{"line":34,"column":34},"end":{"line":35,"column":74}},"locations":[{"start":{"line":34,"column":34},"end":{"line":35,"column":74}}]},"5":{"type":"branch","line":35,"loc":{"start":{"line":35,"column":70},"end":{"line":64,"column":17}},"locations":[{"start":{"line":35,"column":70},"end":{"line":64,"column":17}}]},"6":{"type":"branch","line":21,"loc":{"start":{"line":21,"column":19},"end":{"line":21,"column":46}},"locations":[{"start":{"line":21,"column":19},"end":{"line":21,"column":46}}]},"7":{"type":"branch","line":39,"loc":{"start":{"line":39,"column":33},"end":{"line":58,"column":26}},"locations":[{"start":{"line":39,"column":33},"end":{"line":58,"column":26}}]},"8":{"type":"branch","line":55,"loc":{"start":{"line":55,"column":36},"end":{"line":55,"column":87}},"locations":[{"start":{"line":55,"column":36},"end":{"line":55,"column":87}}]}},"b":{"0":[9],"1":[4],"2":[5],"3":[3],"4":[5],"5":[3],"6":[2],"7":[3],"8":[1]},"fnMap":{"0":{"name":"CartButton","decl":{"start":{"line":14,"column":19},"end":{"line":71,"column":2}},"loc":{"start":{"line":14,"column":19},"end":{"line":71,"column":2}},"line":14},"1":{"name":"onClick","decl":{"start":{"line":21,"column":19},"end":{"line":21,"column":46}},"loc":{"start":{"line":21,"column":19},"end":{"line":21,"column":46}},"line":21},"2":{"name":"onRequestClose","decl":{"start":{"line":29,"column":26},"end":{"line":29,"column":56}},"loc":{"start":{"line":29,"column":26},"end":{"line":29,"column":56}},"line":29},"3":{"name":"onError","decl":{"start":{"line":45,"column":33},"end":{"line":47,"column":26}},"loc":{"start":{"line":45,"column":33},"end":{"line":47,"column":26}},"line":45},"4":{"name":"onIncrease","decl":{"start":{"line":55,"column":36},"end":{"line":55,"column":87}},"loc":{"start":{"line":55,"column":36},"end":{"line":55,"column":87}},"line":55},"5":{"name":"onDecrease","decl":{"start":{"line":56,"column":36},"end":{"line":56,"column":87}},"loc":{"start":{"line":56,"column":36},"end":{"line":56,"column":87}},"line":56}},"f":{"0":9,"1":2,"2":0,"3":0,"4":1,"5":0}}
,"C:\\Users\\LapTop\\Desktop\\VEGETABLES — копия — копия\\src\\features\\components\\cartButton\\index.ts": {"path":"C:\\Users\\LapTop\\Desktop\\VEGETABLES — копия — копия\\src\\features\\components\\cartButton\\index.ts","all":true,"statementMap":{"0":{"start":{"line":1,"column":0},"end":{"line":1,"column":52}}},"s":{"0":0},"branchMap":{"0":{"type":"branch","line":1,"loc":{"start":{"line":1,"column":0},"end":{"line":1,"column":52}},"locations":[{"start":{"line":1,"column":0},"end":{"line":1,"column":52}}]}},"b":{"0":[0]},"fnMap":{"0":{"name":"(empty-report)","decl":{"start":{"line":1,"column":0},"end":{"line":1,"column":52}},"loc":{"start":{"line":1,"column":0},"end":{"line":1,"column":52}},"line":1}},"f":{"0":0}}
,"C:\\Users\\LapTop\\Desktop\\VEGETABLES — копия — копия\\src\\shared\\api\\ProductService.ts": {"path":"C:\\Users\\LapTop\\Desktop\\VEGETABLES — копия — копия\\src\\shared\\api\\ProductService.ts","all":true,"statementMap":{"0":{"start":{"line":1,"column":0},"end":{"line":1,"column":23}},"1":{"start":{"line":2,"column":0},"end":{"line":2,"column":13}},"2":{"start":{"line":3,"column":0},"end":{"line":3,"column":15}},"3":{"start":{"line":4,"column":0},"end":{"line":4,"column":16}},"4":{"start":{"line":5,"column":0},"end":{"line":5,"column":16}},"5":{"start":{"line":6,"column":0},"end":{"line":6,"column":21}},"6":{"start":{"line":7,"column":0},"end":{"line":7,"column":21}},"7":{"start":{"line":8,"column":0},"end":{"line":8,"column":2}},"8":{"start":{"line":9,"column":0},"end":{"line":9,"column":34}},"9":{"start":{"line":10,"column":0},"end":{"line":10,"column":19}},"10":{"start":{"line":11,"column":0},"end":{"line":11,"column":2}},"11":{"start":{"line":12,"column":0},"end":{"line":12,"column":0}},"12":{"start":{"line":13,"column":0},"end":{"line":13,"column":61}},"13":{"start":{"line":14,"column":0},"end":{"line":14,"column":6}},"14":{"start":{"line":15,"column":0},"end":{"line":15,"column":113}},"15":{"start":{"line":16,"column":0},"end":{"line":16,"column":0}},"16":{"start":{"line":17,"column":0},"end":{"line":17,"column":23}},"17":{"start":{"line":18,"column":0},"end":{"line":18,"column":50}},"18":{"start":{"line":19,"column":0},"end":{"line":19,"column":5}},"19":{"start":{"line":20,"column":0},"end":{"line":20,"column":32}},"20":{"start":{"line":21,"column":0},"end":{"line":21,"column":6}},"21":{"start":{"line":22,"column":0},"end":{"line":22,"column":19}},"22":{"start":{"line":23,"column":0},"end":{"line":23,"column":36}},"23":{"start":{"line":24,"column":0},"end":{"line":24,"column":20}},"24":{"start":{"line":25,"column":0},"end":{"line":25,"column":5}},"25":{"start":{"line":26,"column":0},"end":{"line":26,"column":1}},"26":{"start":{"line":27,"column":0},"end":{"line":27,"column":1}}},"s":{"0":0,"1":0,"2":0,"3":0,"4":0,"5":0,"6":0,"7":0,"8":0,"9":0,"10":0,"11":0,"12":0,"13":0,"14":0,"15":0,"16":0,"17":0,"18":0,"19":0,"20":0,"21":0,"22":0,"23":0,"24":0,"25":0,"26":0},"branchMap":{"0":{"type":"branch","line":1,"loc":{"start":{"line":1,"column":0},"end":{"line":27,"column":1}},"locations":[{"start":{"line":1,"column":0},"end":{"line":27,"column":1}}]}},"b":{"0":[0]},"fnMap":{"0":{"name":"(empty-report)","decl":{"start":{"line":1,"column":0},"end":{"line":27,"column":1}},"loc":{"start":{"line":1,"column":0},"end":{"line":27,"column":1}},"line":1}},"f":{"0":0}}
}
